<?xml version="1.0" encoding="UTF-8"?>
<testsuite name="AndroidTests" tests="1" skipped="0" failures="0" errors="0" timestamp="2019-05-07T11:57:01" hostname="Hristinkas-MacBook-Pro.local" time="13.465">
  <properties/>
  <testcase name="checkSendKeysWorks" classname="AndroidTests" time="13.465"/>
  <system-out><![CDATA[]]></system-out>
  <system-err><![CDATA[]]></system-err>
</testsuite>
